WARNING: Ignoring invalid distribution -illow (c:\users\paulr\appdata\local\programs\python\python310\lib\site-packages)
WARNING: Ignoring invalid distribution -illow (c:\users\paulr\appdata\local\programs\python\python310\lib\site-packages)
Requirement already satisfied: requests>=2.20.1 in c:\users\paulr\appdata\local\programs\python\python310\lib\site-packages (2.28.1)
Requirement already satisfied: charset-normalizer<3,>=2 in c:\users\paulr\appdata\local\programs\python\python310\lib\site-packages (from requests>=2.20.1) (2.0.12)
Requirement already satisfied: certifi>=2017.4.17 in c:\users\paulr\appdata\local\programs\python\python310\lib\site-packages (from requests>=2.20.1) (2022.6.15)
Requirement already satisfied: idna<4,>=2.5 in c:\users\paulr\appdata\local\programs\python\python310\lib\site-packages (from requests>=2.20.1) (3.3)
Requirement already satisfied: urllib3<1.27,>=1.21.1 in c:\users\paulr\appdata\local\programs\python\python310\lib\site-packages (from requests>=2.20.1) (1.26.13)
WARNING: Ignoring invalid distribution -illow (c:\users\paulr\appdata\local\programs\python\python310\lib\site-packages)
WARNING: Ignoring invalid distribution -illow (c:\users\paulr\appdata\local\programs\python\python310\lib\site-packages)
WARNING: Ignoring invalid distribution -illow (c:\users\paulr\appdata\local\programs\python\python310\lib\site-packages)
WARNING: Ignoring invalid distribution -illow (c:\users\paulr\appdata\local\programs\python\python310\lib\site-packages)
WARNING: Ignoring invalid distribution -illow (c:\users\paulr\appdata\local\programs\python\python310\lib\site-packages)
ERROR: Invalid requirement: ''
WARNING: Ignoring invalid distribution -illow (c:\users\paulr\appdata\local\programs\python\python310\lib\site-packages)
WARNING: Ignoring invalid distribution -illow (c:\users\paulr\appdata\local\programs\python\python310\lib\site-packages)
WARNING: Ignoring invalid distribution -illow (c:\users\paulr\appdata\local\programs\python\python310\lib\site-packages)
WARNING: Ignoring invalid distribution -illow (c:\users\paulr\appdata\local\programs\python\python310\lib\site-packages)
WARNING: Ignoring invalid distribution -illow (c:\users\paulr\appdata\local\programs\python\python310\lib\site-packages)
Requirement already satisfied: discord.py[voice]>=1.2.2 in c:\users\paulr\appdata\roaming\python\python310\site-packages (2.1.0)
Requirement already satisfied: aiohttp<4,>=3.7.4 in c:\users\paulr\appdata\local\programs\python\python310\lib\site-packages (from discord.py[voice]>=1.2.2) (3.8.1)
Requirement already satisfied: PyNaCl<1.6,>=1.3.0 in c:\users\paulr\appdata\local\programs\python\python310\lib\site-packages (from discord.py[voice]>=1.2.2) (1.5.0)
Requirement already satisfied: async-timeout<5.0,>=4.0.0a3 in c:\users\paulr\appdata\local\programs\python\python310\lib\site-packages (from aiohttp<4,>=3.7.4->discord.py[voice]>=1.2.2) (4.0.2)
Requirement already satisfied: charset-normalizer<3.0,>=2.0 in c:\users\paulr\appdata\local\programs\python\python310\lib\site-packages (from aiohttp<4,>=3.7.4->discord.py[voice]>=1.2.2) (2.0.12)
Requirement already satisfied: yarl<2.0,>=1.0 in c:\users\paulr\appdata\local\programs\python\python310\lib\site-packages (from aiohttp<4,>=3.7.4->discord.py[voice]>=1.2.2) (1.8.1)
Requirement already satisfied: attrs>=17.3.0 in c:\users\paulr\appdata\local\programs\python\python310\lib\site-packages (from aiohttp<4,>=3.7.4->discord.py[voice]>=1.2.2) (22.1.0)
Requirement already satisfied: aiosignal>=1.1.2 in c:\users\paulr\appdata\local\programs\python\python310\lib\site-packages (from aiohttp<4,>=3.7.4->discord.py[voice]>=1.2.2) (1.2.0)
Requirement already satisfied: multidict<7.0,>=4.5 in c:\users\paulr\appdata\local\programs\python\python310\lib\site-packages (from aiohttp<4,>=3.7.4->discord.py[voice]>=1.2.2) (6.0.2)
Requirement already satisfied: frozenlist>=1.1.1 in c:\users\paulr\appdata\local\programs\python\python310\lib\site-packages (from aiohttp<4,>=3.7.4->discord.py[voice]>=1.2.2) (1.3.1)
Requirement already satisfied: cffi>=1.4.1 in c:\users\paulr\appdata\local\programs\python\python310\lib\site-packages (from PyNaCl<1.6,>=1.3.0->discord.py[voice]>=1.2.2) (1.15.1)
Requirement already satisfied: pycparser in c:\users\paulr\appdata\local\programs\python\python310\lib\site-packages (from cffi>=1.4.1->PyNaCl<1.6,>=1.3.0->discord.py[voice]>=1.2.2) (2.21)
Requirement already satisfied: idna>=2.0 in c:\users\paulr\appdata\local\programs\python\python310\lib\site-packages (from yarl<2.0,>=1.0->aiohttp<4,>=3.7.4->discord.py[voice]>=1.2.2) (3.3)
WARNING: Ignoring invalid distribution -illow (c:\users\paulr\appdata\local\programs\python\python310\lib\site-packages)
WARNING: Ignoring invalid distribution -illow (c:\users\paulr\appdata\local\programs\python\python310\lib\site-packages)
WARNING: Ignoring invalid distribution -illow (c:\users\paulr\appdata\local\programs\python\python310\lib\site-packages)
WARNING: Ignoring invalid distribution -illow (c:\users\paulr\appdata\local\programs\python\python310\lib\site-packages)
WARNING: Ignoring invalid distribution -illow (c:\users\paulr\appdata\local\programs\python\python310\lib\site-packages)
ERROR: Invalid requirement: ''
WARNING: Ignoring invalid distribution -illow (c:\users\paulr\appdata\local\programs\python\python310\lib\site-packages)
WARNING: Ignoring invalid distribution -illow (c:\users\paulr\appdata\local\programs\python\python310\lib\site-packages)
WARNING: Ignoring invalid distribution -illow (c:\users\paulr\appdata\local\programs\python\python310\lib\site-packages)
WARNING: Ignoring invalid distribution -illow (c:\users\paulr\appdata\local\programs\python\python310\lib\site-packages)
WARNING: Ignoring invalid distribution -illow (c:\users\paulr\appdata\local\programs\python\python310\lib\site-packages)
Requirement already satisfied: termcolor>=1.1.0 in c:\users\paulr\appdata\roaming\python\python310\site-packages (2.1.1)
WARNING: Ignoring invalid distribution -illow (c:\users\paulr\appdata\local\programs\python\python310\lib\site-packages)
WARNING: Ignoring invalid distribution -illow (c:\users\paulr\appdata\local\programs\python\python310\lib\site-packages)
WARNING: Ignoring invalid distribution -illow (c:\users\paulr\appdata\local\programs\python\python310\lib\site-packages)
WARNING: Ignoring invalid distribution -illow (c:\users\paulr\appdata\local\programs\python\python310\lib\site-packages)
WARNING: Ignoring invalid distribution -illow (c:\users\paulr\appdata\local\programs\python\python310\lib\site-packages)
ERROR: Invalid requirement: ''
WARNING: Ignoring invalid distribution -illow (c:\users\paulr\appdata\local\programs\python\python310\lib\site-packages)
WARNING: Ignoring invalid distribution -illow (c:\users\paulr\appdata\local\programs\python\python310\lib\site-packages)
WARNING: Ignoring invalid distribution -illow (c:\users\paulr\appdata\local\programs\python\python310\lib\site-packages)
WARNING: Ignoring invalid distribution -illow (c:\users\paulr\appdata\local\programs\python\python310\lib\site-packages)
WARNING: Ignoring invalid distribution -illow (c:\users\paulr\appdata\local\programs\python\python310\lib\site-packages)
Requirement already satisfied: colorama>=0.4.1 in c:\users\paulr\appdata\roaming\python\python310\site-packages (0.4.6)
WARNING: Ignoring invalid distribution -illow (c:\users\paulr\appdata\local\programs\python\python310\lib\site-packages)
WARNING: Ignoring invalid distribution -illow (c:\users\paulr\appdata\local\programs\python\python310\lib\site-packages)
WARNING: Ignoring invalid distribution -illow (c:\users\paulr\appdata\local\programs\python\python310\lib\site-packages)
WARNING: Ignoring invalid distribution -illow (c:\users\paulr\appdata\local\programs\python\python310\lib\site-packages)
WARNING: Ignoring invalid distribution -illow (c:\users\paulr\appdata\local\programs\python\python310\lib\site-packages)
ERROR: Invalid requirement: ''
WARNING: Ignoring invalid distribution -illow (c:\users\paulr\appdata\local\programs\python\python310\lib\site-packages)
WARNING: Ignoring invalid distribution -illow (c:\users\paulr\appdata\local\programs\python\python310\lib\site-packages)
WARNING: Ignoring invalid distribution -illow (c:\users\paulr\appdata\local\programs\python\python310\lib\site-packages)
WARNING: Ignoring invalid distribution -illow (c:\users\paulr\appdata\local\programs\python\python310\lib\site-packages)
WARNING: Ignoring invalid distribution -illow (c:\users\paulr\appdata\local\programs\python\python310\lib\site-packages)
Requirement already satisfied: youtube_dl>=2019.8.2 in c:\users\paulr\appdata\roaming\python\python310\site-packages (2021.12.17)
WARNING: Ignoring invalid distribution -illow (c:\users\paulr\appdata\local\programs\python\python310\lib\site-packages)
WARNING: Ignoring invalid distribution -illow (c:\users\paulr\appdata\local\programs\python\python310\lib\site-packages)
WARNING: Ignoring invalid distribution -illow (c:\users\paulr\appdata\local\programs\python\python310\lib\site-packages)
WARNING: Ignoring invalid distribution -illow (c:\users\paulr\appdata\local\programs\python\python310\lib\site-packages)
WARNING: Ignoring invalid distribution -illow (c:\users\paulr\appdata\local\programs\python\python310\lib\site-packages)
ERROR: Invalid requirement: ''
WARNING: Ignoring invalid distribution -illow (c:\users\paulr\appdata\local\programs\python\python310\lib\site-packages)
WARNING: Ignoring invalid distribution -illow (c:\users\paulr\appdata\local\programs\python\python310\lib\site-packages)
WARNING: Ignoring invalid distribution -illow (c:\users\paulr\appdata\local\programs\python\python310\lib\site-packages)
WARNING: Ignoring invalid distribution -illow (c:\users\paulr\appdata\local\programs\python\python310\lib\site-packages)
WARNING: Ignoring invalid distribution -illow (c:\users\paulr\appdata\local\programs\python\python310\lib\site-packages)
Requirement already satisfied: pyperclip>=1.7.0 in c:\users\paulr\appdata\local\programs\python\python310\lib\site-packages (1.8.2)
WARNING: Ignoring invalid distribution -illow (c:\users\paulr\appdata\local\programs\python\python310\lib\site-packages)
WARNING: Ignoring invalid distribution -illow (c:\users\paulr\appdata\local\programs\python\python310\lib\site-packages)
WARNING: Ignoring invalid distribution -illow (c:\users\paulr\appdata\local\programs\python\python310\lib\site-packages)
WARNING: Ignoring invalid distribution -illow (c:\users\paulr\appdata\local\programs\python\python310\lib\site-packages)
WARNING: Ignoring invalid distribution -illow (c:\users\paulr\appdata\local\programs\python\python310\lib\site-packages)
ERROR: Invalid requirement: ''
WARNING: Ignoring invalid distribution -illow (c:\users\paulr\appdata\local\programs\python\python310\lib\site-packages)
WARNING: Ignoring invalid distribution -illow (c:\users\paulr\appdata\local\programs\python\python310\lib\site-packages)
WARNING: Ignoring invalid distribution -illow (c:\users\paulr\appdata\local\programs\python\python310\lib\site-packages)
WARNING: Ignoring invalid distribution -illow (c:\users\paulr\appdata\local\programs\python\python310\lib\site-packages)
WARNING: Ignoring invalid distribution -illow (c:\users\paulr\appdata\local\programs\python\python310\lib\site-packages)
Requirement already satisfied: animation>=0.0.6 in c:\users\paulr\appdata\roaming\python\python310\site-packages (0.0.7)
Requirement already satisfied: pychalk in c:\users\paulr\appdata\roaming\python\python310\site-packages (from animation>=0.0.6) (2.0.1)
Requirement already satisfied: six>=1.11.0 in c:\users\paulr\appdata\local\programs\python\python310\lib\site-packages (from pychalk->animation>=0.0.6) (1.16.0)
WARNING: Ignoring invalid distribution -illow (c:\users\paulr\appdata\local\programs\python\python310\lib\site-packages)
WARNING: Ignoring invalid distribution -illow (c:\users\paulr\appdata\local\programs\python\python310\lib\site-packages)
WARNING: Ignoring invalid distribution -illow (c:\users\paulr\appdata\local\programs\python\python310\lib\site-packages)
WARNING: Ignoring invalid distribution -illow (c:\users\paulr\appdata\local\programs\python\python310\lib\site-packages)
WARNING: Ignoring invalid distribution -illow (c:\users\paulr\appdata\local\programs\python\python310\lib\site-packages)
ERROR: Invalid requirement: ''
WARNING: Ignoring invalid distribution -illow (c:\users\paulr\appdata\local\programs\python\python310\lib\site-packages)
WARNING: Ignoring invalid distribution -illow (c:\users\paulr\appdata\local\programs\python\python310\lib\site-packages)
WARNING: Ignoring invalid distribution -illow (c:\users\paulr\appdata\local\programs\python\python310\lib\site-packages)
WARNING: Ignoring invalid distribution -illow (c:\users\paulr\appdata\local\programs\python\python310\lib\site-packages)
WARNING: Ignoring invalid distribution -illow (c:\users\paulr\appdata\local\programs\python\python310\lib\site-packages)
Requirement already satisfied: py-cpuinfo>=5.0.0 in c:\users\paulr\appdata\roaming\python\python310\site-packages (9.0.0)
WARNING: Ignoring invalid distribution -illow (c:\users\paulr\appdata\local\programs\python\python310\lib\site-packages)
WARNING: Ignoring invalid distribution -illow (c:\users\paulr\appdata\local\programs\python\python310\lib\site-packages)
WARNING: Ignoring invalid distribution -illow (c:\users\paulr\appdata\local\programs\python\python310\lib\site-packages)
WARNING: Ignoring invalid distribution -illow (c:\users\paulr\appdata\local\programs\python\python310\lib\site-packages)
WARNING: Ignoring invalid distribution -illow (c:\users\paulr\appdata\local\programs\python\python310\lib\site-packages)
ERROR: Invalid requirement: ''
WARNING: Ignoring invalid distribution -illow (c:\users\paulr\appdata\local\programs\python\python310\lib\site-packages)
WARNING: Ignoring invalid distribution -illow (c:\users\paulr\appdata\local\programs\python\python310\lib\site-packages)
WARNING: Ignoring invalid distribution -illow (c:\users\paulr\appdata\local\programs\python\python310\lib\site-packages)
WARNING: Ignoring invalid distribution -illow (c:\users\paulr\appdata\local\programs\python\python310\lib\site-packages)
WARNING: Ignoring invalid distribution -illow (c:\users\paulr\appdata\local\programs\python\python310\lib\site-packages)
Requirement already satisfied: dhooks>=1.1.0 in c:\users\paulr\appdata\local\programs\python\python310\lib\site-packages (1.1.4)
Requirement already satisfied: aiohttp in c:\users\paulr\appdata\local\programs\python\python310\lib\site-packages (from dhooks>=1.1.0) (3.8.1)
Requirement already satisfied: requests in c:\users\paulr\appdata\local\programs\python\python310\lib\site-packages (from dhooks>=1.1.0) (2.28.1)
Requirement already satisfied: attrs>=17.3.0 in c:\users\paulr\appdata\local\programs\python\python310\lib\site-packages (from aiohttp->dhooks>=1.1.0) (22.1.0)
Requirement already satisfied: multidict<7.0,>=4.5 in c:\users\paulr\appdata\local\programs\python\python310\lib\site-packages (from aiohttp->dhooks>=1.1.0) (6.0.2)
Requirement already satisfied: yarl<2.0,>=1.0 in c:\users\paulr\appdata\local\programs\python\python310\lib\site-packages (from aiohttp->dhooks>=1.1.0) (1.8.1)
Requirement already satisfied: aiosignal>=1.1.2 in c:\users\paulr\appdata\local\programs\python\python310\lib\site-packages (from aiohttp->dhooks>=1.1.0) (1.2.0)
Requirement already satisfied: frozenlist>=1.1.1 in c:\users\paulr\appdata\local\programs\python\python310\lib\site-packages (from aiohttp->dhooks>=1.1.0) (1.3.1)
Requirement already satisfied: charset-normalizer<3.0,>=2.0 in c:\users\paulr\appdata\local\programs\python\python310\lib\site-packages (from aiohttp->dhooks>=1.1.0) (2.0.12)
Requirement already satisfied: async-timeout<5.0,>=4.0.0a3 in c:\users\paulr\appdata\local\programs\python\python310\lib\site-packages (from aiohttp->dhooks>=1.1.0) (4.0.2)
Requirement already satisfied: idna<4,>=2.5 in c:\users\paulr\appdata\local\programs\python\python310\lib\site-packages (from requests->dhooks>=1.1.0) (3.3)
Requirement already satisfied: urllib3<1.27,>=1.21.1 in c:\users\paulr\appdata\local\programs\python\python310\lib\site-packages (from requests->dhooks>=1.1.0) (1.26.13)
Requirement already satisfied: certifi>=2017.4.17 in c:\users\paulr\appdata\local\programs\python\python310\lib\site-packages (from requests->dhooks>=1.1.0) (2022.6.15)
WARNING: Ignoring invalid distribution -illow (c:\users\paulr\appdata\local\programs\python\python310\lib\site-packages)
WARNING: Ignoring invalid distribution -illow (c:\users\paulr\appdata\local\programs\python\python310\lib\site-packages)
WARNING: Ignoring invalid distribution -illow (c:\users\paulr\appdata\local\programs\python\python310\lib\site-packages)
WARNING: Ignoring invalid distribution -illow (c:\users\paulr\appdata\local\programs\python\python310\lib\site-packages)
WARNING: Ignoring invalid distribution -illow (c:\users\paulr\appdata\local\programs\python\python310\lib\site-packages)
ERROR: Invalid requirement: ''
WARNING: Ignoring invalid distribution -illow (c:\users\paulr\appdata\local\programs\python\python310\lib\site-packages)
WARNING: Ignoring invalid distribution -illow (c:\users\paulr\appdata\local\programs\python\python310\lib\site-packages)
WARNING: Ignoring invalid distribution -illow (c:\users\paulr\appdata\local\programs\python\python310\lib\site-packages)
WARNING: Ignoring invalid distribution -illow (c:\users\paulr\appdata\local\programs\python\python310\lib\site-packages)
WARNING: Ignoring invalid distribution -illow (c:\users\paulr\appdata\local\programs\python\python310\lib\site-packages)
Requirement already satisfied: PySimpleGUI==4.11.0 in c:\users\paulr\appdata\roaming\python\python310\site-packages (4.11.0)
WARNING: Ignoring invalid distribution -illow (c:\users\paulr\appdata\local\programs\python\python310\lib\site-packages)
WARNING: Ignoring invalid distribution -illow (c:\users\paulr\appdata\local\programs\python\python310\lib\site-packages)
WARNING: Ignoring invalid distribution -illow (c:\users\paulr\appdata\local\programs\python\python310\lib\site-packages)
WARNING: Ignoring invalid distribution -illow (c:\users\paulr\appdata\local\programs\python\python310\lib\site-packages)
WARNING: Ignoring invalid distribution -illow (c:\users\paulr\appdata\local\programs\python\python310\lib\site-packages)
ERROR: Invalid requirement: ''
WARNING: Ignoring invalid distribution -illow (c:\users\paulr\appdata\local\programs\python\python310\lib\site-packages)
WARNING: Ignoring invalid distribution -illow (c:\users\paulr\appdata\local\programs\python\python310\lib\site-packages)
WARNING: Ignoring invalid distribution -illow (c:\users\paulr\appdata\local\programs\python\python310\lib\site-packages)
WARNING: Ignoring invalid distribution -illow (c:\users\paulr\appdata\local\programs\python\python310\lib\site-packages)
WARNING: Ignoring invalid distribution -illow (c:\users\paulr\appdata\local\programs\python\python310\lib\site-packages)
Requirement already satisfied: PySimpleGUIQt>=0.26.0 in c:\users\paulr\appdata\roaming\python\python310\site-packages (0.35.0)
Requirement already satisfied: pyside2 in c:\users\paulr\appdata\roaming\python\python310\site-packages (from PySimpleGUIQt>=0.26.0) (5.15.2.1)
Requirement already satisfied: shiboken2==5.15.2.1 in c:\users\paulr\appdata\roaming\python\python310\site-packages (from pyside2->PySimpleGUIQt>=0.26.0) (5.15.2.1)
WARNING: Ignoring invalid distribution -illow (c:\users\paulr\appdata\local\programs\python\python310\lib\site-packages)
WARNING: Ignoring invalid distribution -illow (c:\users\paulr\appdata\local\programs\python\python310\lib\site-packages)
WARNING: Ignoring invalid distribution -illow (c:\users\paulr\appdata\local\programs\python\python310\lib\site-packages)
WARNING: Ignoring invalid distribution -illow (c:\users\paulr\appdata\local\programs\python\python310\lib\site-packages)
WARNING: Ignoring invalid distribution -illow (c:\users\paulr\appdata\local\programs\python\python310\lib\site-packages)
ERROR: Invalid requirement: ''
WARNING: Ignoring invalid distribution -illow (c:\users\paulr\appdata\local\programs\python\python310\lib\site-packages)
WARNING: Ignoring invalid distribution -illow (c:\users\paulr\appdata\local\programs\python\python310\lib\site-packages)
WARNING: Ignoring invalid distribution -illow (c:\users\paulr\appdata\local\programs\python\python310\lib\site-packages)
WARNING: Ignoring invalid distribution -illow (c:\users\paulr\appdata\local\programs\python\python310\lib\site-packages)
WARNING: Ignoring invalid distribution -illow (c:\users\paulr\appdata\local\programs\python\python310\lib\site-packages)
Requirement already satisfied: PySide2>=5.13.0 in c:\users\paulr\appdata\roaming\python\python310\site-packages (5.15.2.1)
Requirement already satisfied: shiboken2==5.15.2.1 in c:\users\paulr\appdata\roaming\python\python310\site-packages (from PySide2>=5.13.0) (5.15.2.1)
WARNING: Ignoring invalid distribution -illow (c:\users\paulr\appdata\local\programs\python\python310\lib\site-packages)
WARNING: Ignoring invalid distribution -illow (c:\users\paulr\appdata\local\programs\python\python310\lib\site-packages)
WARNING: Ignoring invalid distribution -illow (c:\users\paulr\appdata\local\programs\python\python310\lib\site-packages)
WARNING: Ignoring invalid distribution -illow (c:\users\paulr\appdata\local\programs\python\python310\lib\site-packages)
WARNING: Ignoring invalid distribution -illow (c:\users\paulr\appdata\local\programs\python\python310\lib\site-packages)
ERROR: Invalid requirement: ''
WARNING: Ignoring invalid distribution -illow (c:\users\paulr\appdata\local\programs\python\python310\lib\site-packages)
WARNING: Ignoring invalid distribution -illow (c:\users\paulr\appdata\local\programs\python\python310\lib\site-packages)
WARNING: Ignoring invalid distribution -illow (c:\users\paulr\appdata\local\programs\python\python310\lib\site-packages)
WARNING: Ignoring invalid distribution -illow (c:\users\paulr\appdata\local\programs\python\python310\lib\site-packages)
WARNING: Ignoring invalid distribution -illow (c:\users\paulr\appdata\local\programs\python\python310\lib\site-packages)
Requirement already satisfied: psutil>=5.6.3 in c:\users\paulr\appdata\local\programs\python\python310\lib\site-packages (5.9.4)
WARNING: Ignoring invalid distribution -illow (c:\users\paulr\appdata\local\programs\python\python310\lib\site-packages)
WARNING: Ignoring invalid distribution -illow (c:\users\paulr\appdata\local\programs\python\python310\lib\site-packages)
WARNING: Ignoring invalid distribution -illow (c:\users\paulr\appdata\local\programs\python\python310\lib\site-packages)
WARNING: Ignoring invalid distribution -illow (c:\users\paulr\appdata\local\programs\python\python310\lib\site-packages)
WARNING: Ignoring invalid distribution -illow (c:\users\paulr\appdata\local\programs\python\python310\lib\site-packages)
ERROR: Invalid requirement: ''
WARNING: Ignoring invalid distribution -illow (c:\users\paulr\appdata\local\programs\python\python310\lib\site-packages)
WARNING: Ignoring invalid distribution -illow (c:\users\paulr\appdata\local\programs\python\python310\lib\site-packages)
WARNING: Ignoring invalid distribution -illow (c:\users\paulr\appdata\local\programs\python\python310\lib\site-packages)
WARNING: Ignoring invalid distribution -illow (c:\users\paulr\appdata\local\programs\python\python310\lib\site-packages)
WARNING: Ignoring invalid distribution -illow (c:\users\paulr\appdata\local\programs\python\python310\lib\site-packages)
Requirement already satisfied: websocket_client>=0.56.0 in c:\users\paulr\appdata\roaming\python\python310\site-packages (1.4.2)
WARNING: Ignoring invalid distribution -illow (c:\users\paulr\appdata\local\programs\python\python310\lib\site-packages)
WARNING: Ignoring invalid distribution -illow (c:\users\paulr\appdata\local\programs\python\python310\lib\site-packages)
WARNING: Ignoring invalid distribution -illow (c:\users\paulr\appdata\local\programs\python\python310\lib\site-packages)
WARNING: Ignoring invalid distribution -illow (c:\users\paulr\appdata\local\programs\python\python310\lib\site-packages)
WARNING: Ignoring invalid distribution -illow (c:\users\paulr\appdata\local\programs\python\python310\lib\site-packages)
ERROR: Invalid requirement: ''
WARNING: Ignoring invalid distribution -illow (c:\users\paulr\appdata\local\programs\python\python310\lib\site-packages)
WARNING: Ignoring invalid distribution -illow (c:\users\paulr\appdata\local\programs\python\python310\lib\site-packages)
WARNING: Ignoring invalid distribution -illow (c:\users\paulr\appdata\local\programs\python\python310\lib\site-packages)
WARNING: Ignoring invalid distribution -illow (c:\users\paulr\appdata\local\programs\python\python310\lib\site-packages)
WARNING: Ignoring invalid distribution -illow (c:\users\paulr\appdata\local\programs\python\python310\lib\site-packages)
Requirement already satisfied: emoji>=0.5.2 in c:\users\paulr\appdata\local\programs\python\python310\lib\site-packages (2.2.0)
WARNING: Ignoring invalid distribution -illow (c:\users\paulr\appdata\local\programs\python\python310\lib\site-packages)
WARNING: Ignoring invalid distribution -illow (c:\users\paulr\appdata\local\programs\python\python310\lib\site-packages)
WARNING: Ignoring invalid distribution -illow (c:\users\paulr\appdata\local\programs\python\python310\lib\site-packages)
WARNING: Ignoring invalid distribution -illow (c:\users\paulr\appdata\local\programs\python\python310\lib\site-packages)
WARNING: Ignoring invalid distribution -illow (c:\users\paulr\appdata\local\programs\python\python310\lib\site-packages)
ERROR: Invalid requirement: ''
WARNING: Ignoring invalid distribution -illow (c:\users\paulr\appdata\local\programs\python\python310\lib\site-packages)
WARNING: Ignoring invalid distribution -illow (c:\users\paulr\appdata\local\programs\python\python310\lib\site-packages)
WARNING: Ignoring invalid distribution -illow (c:\users\paulr\appdata\local\programs\python\python310\lib\site-packages)
WARNING: Ignoring invalid distribution -illow (c:\users\paulr\appdata\local\programs\python\python310\lib\site-packages)
WARNING: Ignoring invalid distribution -illow (c:\users\paulr\appdata\local\programs\python\python310\lib\site-packages)
Requirement already satisfied: playsound>=1.2.2 in c:\users\paulr\appdata\roaming\python\python310\site-packages (1.3.0)
WARNING: Ignoring invalid distribution -illow (c:\users\paulr\appdata\local\programs\python\python310\lib\site-packages)
WARNING: Ignoring invalid distribution -illow (c:\users\paulr\appdata\local\programs\python\python310\lib\site-packages)
WARNING: Ignoring invalid distribution -illow (c:\users\paulr\appdata\local\programs\python\python310\lib\site-packages)
WARNING: Ignoring invalid distribution -illow (c:\users\paulr\appdata\local\programs\python\python310\lib\site-packages)
WARNING: Ignoring invalid distribution -illow (c:\users\paulr\appdata\local\programs\python\python310\lib\site-packages)
ERROR: Invalid requirement: ''
WARNING: Ignoring invalid distribution -illow (c:\users\paulr\appdata\local\programs\python\python310\lib\site-packages)
WARNING: Ignoring invalid distribution -illow (c:\users\paulr\appdata\local\programs\python\python310\lib\site-packages)
WARNING: Ignoring invalid distribution -illow (c:\users\paulr\appdata\local\programs\python\python310\lib\site-packages)
WARNING: Ignoring invalid distribution -illow (c:\users\paulr\appdata\local\programs\python\python310\lib\site-packages)
WARNING: Ignoring invalid distribution -illow (c:\users\paulr\appdata\local\programs\python\python310\lib\site-packages)
Requirement already satisfied: selenium>=3.141.0 in c:\users\paulr\appdata\roaming\python\python310\site-packages (4.7.2)
Requirement already satisfied: trio-websocket~=0.9 in c:\users\paulr\appdata\local\programs\python\python310\lib\site-packages (from selenium>=3.141.0) (0.9.2)
Requirement already satisfied: urllib3[socks]~=1.26 in c:\users\paulr\appdata\local\programs\python\python310\lib\site-packages (from selenium>=3.141.0) (1.26.13)
Requirement already satisfied: certifi>=2021.10.8 in c:\users\paulr\appdata\local\programs\python\python310\lib\site-packages (from selenium>=3.141.0) (2022.6.15)
Requirement already satisfied: trio~=0.17 in c:\users\paulr\appdata\local\programs\python\python310\lib\site-packages (from selenium>=3.141.0) (0.21.0)
Requirement already satisfied: attrs>=19.2.0 in c:\users\paulr\appdata\local\programs\python\python310\lib\site-packages (from trio~=0.17->selenium>=3.141.0) (22.1.0)
Requirement already satisfied: async-generator>=1.9 in c:\users\paulr\appdata\local\programs\python\python310\lib\site-packages (from trio~=0.17->selenium>=3.141.0) (1.10)
Requirement already satisfied: sortedcontainers in c:\users\paulr\appdata\local\programs\python\python310\lib\site-packages (from trio~=0.17->selenium>=3.141.0) (2.4.0)
Requirement already satisfied: idna in c:\users\paulr\appdata\local\programs\python\python310\lib\site-packages (from trio~=0.17->selenium>=3.141.0) (3.3)
Requirement already satisfied: sniffio in c:\users\paulr\appdata\local\programs\python\python310\lib\site-packages (from trio~=0.17->selenium>=3.141.0) (1.3.0)
Requirement already satisfied: cffi>=1.14 in c:\users\paulr\appdata\local\programs\python\python310\lib\site-packages (from trio~=0.17->selenium>=3.141.0) (1.15.1)
Requirement already satisfied: outcome in c:\users\paulr\appdata\local\programs\python\python310\lib\site-packages (from trio~=0.17->selenium>=3.141.0) (1.2.0)
Requirement already satisfied: wsproto>=0.14 in c:\users\paulr\appdata\local\programs\python\python310\lib\site-packages (from trio-websocket~=0.9->selenium>=3.141.0) (1.2.0)
Requirement already satisfied: PySocks!=1.5.7,<2.0,>=1.5.6 in c:\users\paulr\appdata\local\programs\python\python310\lib\site-packages (from urllib3[socks]~=1.26->selenium>=3.141.0) (1.7.1)
Requirement already satisfied: pycparser in c:\users\paulr\appdata\local\programs\python\python310\lib\site-packages (from cffi>=1.14->trio~=0.17->selenium>=3.141.0) (2.21)
Requirement already satisfied: h11<1,>=0.9.0 in c:\users\paulr\appdata\local\programs\python\python310\lib\site-packages (from wsproto>=0.14->trio-websocket~=0.9->selenium>=3.141.0) (0.13.0)
WARNING: Ignoring invalid distribution -illow (c:\users\paulr\appdata\local\programs\python\python310\lib\site-packages)
WARNING: Ignoring invalid distribution -illow (c:\users\paulr\appdata\local\programs\python\python310\lib\site-packages)
WARNING: Ignoring invalid distribution -illow (c:\users\paulr\appdata\local\programs\python\python310\lib\site-packages)
WARNING: Ignoring invalid distribution -illow (c:\users\paulr\appdata\local\programs\python\python310\lib\site-packages)
WARNING: Ignoring invalid distribution -illow (c:\users\paulr\appdata\local\programs\python\python310\lib\site-packages)
ERROR: Invalid requirement: ''
WARNING: Ignoring invalid distribution -illow (c:\users\paulr\appdata\local\programs\python\python310\lib\site-packages)
WARNING: Ignoring invalid distribution -illow (c:\users\paulr\appdata\local\programs\python\python310\lib\site-packages)
WARNING: Ignoring invalid distribution -illow (c:\users\paulr\appdata\local\programs\python\python310\lib\site-packages)
WARNING: Ignoring invalid distribution -illow (c:\users\paulr\appdata\local\programs\python\python310\lib\site-packages)
WARNING: Ignoring invalid distribution -illow (c:\users\paulr\appdata\local\programs\python\python310\lib\site-packages)
Requirement already satisfied: pyinstaller>=3.5 in c:\users\paulr\appdata\roaming\python\python310\site-packages (5.6.2)
Collecting pyinstaller>=3.5
  Downloading pyinstaller-5.7.0-py3-none-win_amd64.whl (1.3 MB)
     ---------------------------------------- 1.3/1.3 MB 1.5 MB/s eta 0:00:00
Requirement already satisfied: pefile>=2022.5.30 in c:\users\paulr\appdata\local\programs\python\python310\lib\site-packages (from pyinstaller>=3.5) (2022.5.30)
Requirement already satisfied: pywin32-ctypes>=0.2.0 in c:\users\paulr\appdata\local\programs\python\python310\lib\site-packages (from pyinstaller>=3.5) (0.2.0)
Requirement already satisfied: setuptools>=42.0.0 in c:\users\paulr\appdata\local\programs\python\python310\lib\site-packages (from pyinstaller>=3.5) (65.6.3)
Requirement already satisfied: altgraph in c:\users\paulr\appdata\local\programs\python\python310\lib\site-packages (from pyinstaller>=3.5) (0.17.3)
Requirement already satisfied: pyinstaller-hooks-contrib>=2021.4 in c:\users\paulr\appdata\local\programs\python\python310\lib\site-packages (from pyinstaller>=3.5) (2022.13)
Requirement already satisfied: future in c:\users\paulr\appdata\local\programs\python\python310\lib\site-packages (from pefile>=2022.5.30->pyinstaller>=3.5) (0.18.2)
WARNING: Ignoring invalid distribution -illow (c:\users\paulr\appdata\local\programs\python\python310\lib\site-packages)
Installing collected packages: pyinstaller
  Attempting uninstall: pyinstaller
    Found existing installation: pyinstaller 5.6.2
    Uninstalling pyinstaller-5.6.2:
      Successfully uninstalled pyinstaller-5.6.2
  WARNING: The scripts pyi-archive_viewer.exe, pyi-bindepend.exe, pyi-grab_version.exe, pyi-makespec.exe, pyi-set_version.exe and pyinstaller.exe are installed in 'C:\Users\paulr\AppData\Roaming\Python\Python310\Scripts' which is not on PATH.
  Consider adding this directory to PATH or, if you prefer to suppress this warning, use --no-warn-script-location.
Successfully installed pyinstaller-5.7.0
WARNING: Ignoring invalid distribution -illow (c:\users\paulr\appdata\local\programs\python\python310\lib\site-packages)
WARNING: Ignoring invalid distribution -illow (c:\users\paulr\appdata\local\programs\python\python310\lib\site-packages)
WARNING: Ignoring invalid distribution -illow (c:\users\paulr\appdata\local\programs\python\python310\lib\site-packages)
WARNING: Ignoring invalid distribution -illow (c:\users\paulr\appdata\local\programs\python\python310\lib\site-packages)
ERROR: Invalid requirement: ''
WARNING: Ignoring invalid distribution -illow (c:\users\paulr\appdata\local\programs\python\python310\lib\site-packages)
WARNING: Ignoring invalid distribution -illow (c:\users\paulr\appdata\local\programs\python\python310\lib\site-packages)
WARNING: Ignoring invalid distribution -illow (c:\users\paulr\appdata\local\programs\python\python310\lib\site-packages)
WARNING: Ignoring invalid distribution -illow (c:\users\paulr\appdata\local\programs\python\python310\lib\site-packages)
WARNING: Ignoring invalid distribution -illow (c:\users\paulr\appdata\local\programs\python\python310\lib\site-packages)
Requirement already satisfied: pluginbase>=1.0.0 in c:\users\paulr\appdata\roaming\python\python310\site-packages (1.0.1)
WARNING: Ignoring invalid distribution -illow (c:\users\paulr\appdata\local\programs\python\python310\lib\site-packages)
WARNING: Ignoring invalid distribution -illow (c:\users\paulr\appdata\local\programs\python\python310\lib\site-packages)
WARNING: Ignoring invalid distribution -illow (c:\users\paulr\appdata\local\programs\python\python310\lib\site-packages)
WARNING: Ignoring invalid distribution -illow (c:\users\paulr\appdata\local\programs\python\python310\lib\site-packages)
WARNING: Ignoring invalid distribution -illow (c:\users\paulr\appdata\local\programs\python\python310\lib\site-packages)
ERROR: Invalid requirement: ''
WARNING: Ignoring invalid distribution -illow (c:\users\paulr\appdata\local\programs\python\python310\lib\site-packages)
WARNING: Ignoring invalid distribution -illow (c:\users\paulr\appdata\local\programs\python\python310\lib\site-packages)
WARNING: Ignoring invalid distribution -illow (c:\users\paulr\appdata\local\programs\python\python310\lib\site-packages)
WARNING: Ignoring invalid distribution -illow (c:\users\paulr\appdata\local\programs\python\python310\lib\site-packages)
WARNING: Ignoring invalid distribution -illow (c:\users\paulr\appdata\local\programs\python\python310\lib\site-packages)
Requirement already satisfied: Pillow>=6.1.0 in c:\users\paulr\appdata\local\programs\python\python310\lib\site-packages (9.3.0)
WARNING: Ignoring invalid distribution -illow (c:\users\paulr\appdata\local\programs\python\python310\lib\site-packages)
WARNING: Ignoring invalid distribution -illow (c:\users\paulr\appdata\local\programs\python\python310\lib\site-packages)
WARNING: Ignoring invalid distribution -illow (c:\users\paulr\appdata\local\programs\python\python310\lib\site-packages)
WARNING: Ignoring invalid distribution -illow (c:\users\paulr\appdata\local\programs\python\python310\lib\site-packages)
WARNING: Ignoring invalid distribution -illow (c:\users\paulr\appdata\local\programs\python\python310\lib\site-packages)
ERROR: Invalid requirement: ''
WARNING: Ignoring invalid distribution -illow (c:\users\paulr\appdata\local\programs\python\python310\lib\site-packages)
WARNING: Ignoring invalid distribution -illow (c:\users\paulr\appdata\local\programs\python\python310\lib\site-packages)
WARNING: Ignoring invalid distribution -illow (c:\users\paulr\appdata\local\programs\python\python310\lib\site-packages)
WARNING: Ignoring invalid distribution -illow (c:\users\paulr\appdata\local\programs\python\python310\lib\site-packages)
WARNING: Ignoring invalid distribution -illow (c:\users\paulr\appdata\local\programs\python\python310\lib\site-packages)
Requirement already satisfied: pysocks>=1.7.0 in c:\users\paulr\appdata\local\programs\python\python310\lib\site-packages (1.7.1)
WARNING: Ignoring invalid distribution -illow (c:\users\paulr\appdata\local\programs\python\python310\lib\site-packages)
WARNING: Ignoring invalid distribution -illow (c:\users\paulr\appdata\local\programs\python\python310\lib\site-packages)
WARNING: Ignoring invalid distribution -illow (c:\users\paulr\appdata\local\programs\python\python310\lib\site-packages)
WARNING: Ignoring invalid distribution -illow (c:\users\paulr\appdata\local\programs\python\python310\lib\site-packages)
WARNING: Ignoring invalid distribution -illow (c:\users\paulr\appdata\local\programs\python\python310\lib\site-packages)
ERROR: Invalid requirement: ''
WARNING: Ignoring invalid distribution -illow (c:\users\paulr\appdata\local\programs\python\python310\lib\site-packages)
WARNING: Ignoring invalid distribution -illow (c:\users\paulr\appdata\local\programs\python\python310\lib\site-packages)
WARNING: Ignoring invalid distribution -illow (c:\users\paulr\appdata\local\programs\python\python310\lib\site-packages)
